<?xml version="1.0" encoding="UTF-8"?>
<testsuite name="添加购物车"
           tests="4"
           failures="1"
           errors="0"
           skipped="0"
           time="11.859">
  <properties />
            <testcase name="TestGoPay" time="0.116" classname="com.mushishi.imooc.runcase.Login">
                <failure type="java.lang.NullPointerException"
                  message="(null)"
              >
<![CDATA[java.lang.NullPointerException
  com.mushishi.imooc.page.BasePage.gettext(BasePage.java:79)
  com.mushishi.imooc.handle.OrderPayPageHandle.getOrderName(OrderPayPageHandle.java:24)
  com.mushishi.imooc.business.OrderPayPagepro.orderPayPro(OrderPayPagepro.java:20)
  com.mushishi.imooc.runcase.Login.TestGoPay(Login.java:114)
  sun.reflect.NativeMethodAccessorImpl.invoke0(Native Method)
  sun.reflect.NativeMethodAccessorImpl.invoke(NativeMethodAccessorImpl.java:62)
  sun.reflect.DelegatingMethodAccessorImpl.invoke(DelegatingMethodAccessorImpl.java:43)
  java.lang.reflect.Method.invoke(Method.java:498)
  org.testng.internal.MethodInvocationHelper.invokeMethod(MethodInvocationHelper.java:124)
  org.testng.internal.Invoker.invokeMethod(Invoker.java:580)
  org.testng.internal.Invoker.invokeTestMethod(Invoker.java:716)
  org.testng.internal.Invoker.invokeTestMethods(Invoker.java:988)
  org.testng.internal.TestMethodWorker.invokeTestMethods(TestMethodWorker.java:125)
  org.testng.internal.TestMethodWorker.run(TestMethodWorker.java:109)
  org.testng.TestRunner.privateRun(TestRunner.java:648)
  org.testng.TestRunner.run(TestRunner.java:505)
  org.testng.SuiteRunner.runTest(SuiteRunner.java:455)
  org.testng.SuiteRunner.access$000(SuiteRunner.java:40)
  org.testng.SuiteRunner$SuiteWorker.run(SuiteRunner.java:489)
  org.testng.internal.thread.ThreadUtil$1.call(ThreadUtil.java:52)
  java.util.concurrent.FutureTask.run(FutureTask.java:266)
  java.util.concurrent.ThreadPoolExecutor.runWorker(ThreadPoolExecutor.java:1149)
  java.util.concurrent.ThreadPoolExecutor$Worker.run(ThreadPoolExecutor.java:624)
  java.lang.Thread.run(Thread.java:748)
]]>
      </failure>

          </testcase>
  
  
            <testcase name="checkBox" time="10.970" classname="com.mushishi.imooc.runcase.Login" />
                <testcase name="TestAddCart" time="0.145" classname="com.mushishi.imooc.runcase.Login" />
                <testcase name="TestSureOrder" time="0.628" classname="com.mushishi.imooc.runcase.Login" />
      
</testsuite>
